<?xml version="1.0" encoding="UTF-8"?>
<coverage generated="1543845725424" clover="3.2.0">
  <project timestamp="1543845725425" name="All files">
    <metrics statements="12" coveredstatements="12" conditionals="7" coveredconditionals="7" methods="4" coveredmethods="4" elements="23" coveredelements="23" complexity="0" loc="12" ncloc="12" packages="1" files="1" classes="1">
      <file name="cache.js" path="/home/tclain/dev/github/coding-challenge-backend-c/utils/cache.js">
        <metrics statements="12" coveredstatements="12" conditionals="7" coveredconditionals="7" methods="4" coveredmethods="4"/>
        <line num="1" count="1" type="stmt"/>
        <line num="5" count="3" type="stmt"/>
        <line num="10" count="5" type="stmt"/>
        <line num="11" count="5" type="stmt"/>
        <line num="19" count="2" type="stmt"/>
        <line num="28" count="2" type="stmt"/>
        <line num="29" count="2" type="cond" truecount="2" falsecount="0"/>
        <line num="30" count="1" type="stmt"/>
        <line num="31" count="1" type="stmt"/>
        <line num="32" count="1" type="stmt"/>
        <line num="37" count="1" type="stmt"/>
        <line num="40" count="1" type="stmt"/>
      </file>
    </metrics>
  </project>
</coverage>
