<?xml version="1.0" encoding="UTF-8"?>
<coverage generated="1543812000097" clover="3.2.0">
  <project timestamp="1543812000097" name="All files">
    <metrics statements="137" coveredstatements="124" conditionals="38" coveredconditionals="28" methods="34" coveredmethods="29" elements="209" coveredelements="181" complexity="0" loc="137" ncloc="137" packages="2" files="11" classes="11">
      <package name="utils">
        <metrics statements="95" coveredstatements="86" conditionals="24" coveredconditionals="17" methods="24" coveredmethods="20"/>
        <file name="api.js" path="/Users/tclain/dev/github/coding-challenge-backend-c/utils/api.js">
          <metrics statements="18" coveredstatements="18" conditionals="4" coveredconditionals="3" methods="2" coveredmethods="2"/>
          <line num="1" count="1" type="stmt"/>
          <line num="3" count="1" type="stmt"/>
          <line num="4" count="1" type="stmt"/>
          <line num="5" count="1" type="stmt"/>
          <line num="6" count="1" type="stmt"/>
          <line num="8" count="1" type="stmt"/>
          <line num="9" count="1" type="stmt"/>
          <line num="10" count="1" type="stmt"/>
          <line num="13" count="1" type="stmt"/>
          <line num="18" count="1" type="stmt"/>
          <line num="19" count="2" type="stmt"/>
          <line num="21" count="2" type="cond" truecount="1" falsecount="1"/>
          <line num="24" count="2" type="stmt"/>
          <line num="26" count="2" type="stmt"/>
          <line num="28" count="2" type="cond" truecount="2" falsecount="0"/>
          <line num="29" count="1" type="stmt"/>
          <line num="31" count="1" type="stmt"/>
          <line num="34" count="1" type="stmt"/>
        </file>
        <file name="cache.js" path="/Users/tclain/dev/github/coding-challenge-backend-c/utils/cache.js">
          <metrics statements="11" coveredstatements="2" conditionals="2" coveredconditionals="0" methods="4" coveredmethods="0"/>
          <line num="1" count="1" type="stmt"/>
          <line num="5" count="0" type="stmt"/>
          <line num="10" count="0" type="stmt"/>
          <line num="15" count="0" type="stmt"/>
          <line num="24" count="0" type="stmt"/>
          <line num="25" count="0" type="cond" truecount="0" falsecount="2"/>
          <line num="26" count="0" type="stmt"/>
          <line num="27" count="0" type="stmt"/>
          <line num="28" count="0" type="stmt"/>
          <line num="30" count="0" type="stmt"/>
          <line num="33" count="1" type="stmt"/>
        </file>
        <file name="cities.js" path="/Users/tclain/dev/github/coding-challenge-backend-c/utils/cities.js">
          <metrics statements="27" coveredstatements="27" conditionals="10" coveredconditionals="7" methods="5" coveredmethods="5"/>
          <line num="1" count="1" type="stmt"/>
          <line num="2" count="1" type="stmt"/>
          <line num="3" count="1" type="stmt"/>
          <line num="4" count="1" type="stmt"/>
          <line num="5" count="1" type="stmt"/>
          <line num="8" count="1" type="stmt"/>
          <line num="12" count="2" type="stmt"/>
          <line num="36" count="5" type="stmt"/>
          <line num="37" count="5" type="cond" truecount="1" falsecount="1"/>
          <line num="38" count="5" type="stmt"/>
          <line num="43" count="1" type="stmt"/>
          <line num="44" count="1" type="stmt"/>
          <line num="49" count="1" type="stmt"/>
          <line num="50" count="1" type="stmt"/>
          <line num="52" count="3" type="cond" truecount="2" falsecount="0"/>
          <line num="53" count="1" type="stmt"/>
          <line num="54" count="1" type="stmt"/>
          <line num="56" count="2" type="stmt"/>
          <line num="58" count="2" type="cond" truecount="1" falsecount="1"/>
          <line num="60" count="2" type="cond" truecount="1" falsecount="1"/>
          <line num="61" count="2" type="stmt"/>
          <line num="68" count="2" type="stmt"/>
          <line num="69" count="2" type="stmt"/>
          <line num="71" count="2" type="cond" truecount="2" falsecount="0"/>
          <line num="72" count="1" type="stmt"/>
          <line num="73" count="1" type="stmt"/>
          <line num="79" count="1" type="stmt"/>
        </file>
        <file name="geo.js" path="/Users/tclain/dev/github/coding-challenge-backend-c/utils/geo.js">
          <metrics statements="13" coveredstatements="13" conditionals="5" coveredconditionals="4" methods="6" coveredmethods="6"/>
          <line num="1" count="3" type="stmt"/>
          <line num="2" count="3" type="stmt"/>
          <line num="8" count="3" type="stmt"/>
          <line num="9" count="22" type="stmt"/>
          <line num="10" count="22" type="stmt"/>
          <line num="11" count="42" type="cond" truecount="2" falsecount="0"/>
          <line num="23" count="10" type="stmt"/>
          <line num="24" count="10" type="stmt"/>
          <line num="26" count="20" type="cond" truecount="2" falsecount="0"/>
          <line num="27" count="9" type="stmt"/>
          <line num="35" count="1" type="stmt"/>
          <line num="36" count="2" type="stmt"/>
          <line num="40" count="3" type="stmt"/>
        </file>
        <file name="numbers.js" path="/Users/tclain/dev/github/coding-challenge-backend-c/utils/numbers.js">
          <metrics statements="2" coveredstatements="2" conditionals="0" coveredconditionals="0" methods="1" coveredmethods="1"/>
          <line num="6" count="15" type="stmt"/>
          <line num="9" count="3" type="stmt"/>
        </file>
        <file name="server.js" path="/Users/tclain/dev/github/coding-challenge-backend-c/utils/server.js">
          <metrics statements="1" coveredstatements="1" conditionals="0" coveredconditionals="0" methods="0" coveredmethods="0"/>
          <line num="9" count="1" type="stmt"/>
        </file>
        <file name="sort.js" path="/Users/tclain/dev/github/coding-challenge-backend-c/utils/sort.js">
          <metrics statements="10" coveredstatements="10" conditionals="3" coveredconditionals="3" methods="2" coveredmethods="2"/>
          <line num="1" count="3" type="stmt"/>
          <line num="8" count="3" type="stmt"/>
          <line num="9" count="8" type="stmt"/>
          <line num="10" count="18" type="stmt"/>
          <line num="11" count="18" type="stmt"/>
          <line num="12" count="18" type="cond" truecount="3" falsecount="0"/>
          <line num="14" count="6" type="stmt"/>
          <line num="16" count="10" type="stmt"/>
          <line num="18" count="2" type="stmt"/>
          <line num="23" count="3" type="stmt"/>
        </file>
        <file name="text.js" path="/Users/tclain/dev/github/coding-challenge-backend-c/utils/text.js">
          <metrics statements="4" coveredstatements="4" conditionals="0" coveredconditionals="0" methods="2" coveredmethods="2"/>
          <line num="1" count="4" type="stmt"/>
          <line num="5" count="7" type="stmt"/>
          <line num="21" count="11" type="stmt"/>
          <line num="24" count="4" type="stmt"/>
        </file>
        <file name="tsv.js" path="/Users/tclain/dev/github/coding-challenge-backend-c/utils/tsv.js">
          <metrics statements="9" coveredstatements="9" conditionals="0" coveredconditionals="0" methods="2" coveredmethods="2"/>
          <line num="1" count="2" type="stmt"/>
          <line num="4" count="2" type="stmt"/>
          <line num="7" count="2" type="stmt"/>
          <line num="9" count="3" type="stmt"/>
          <line num="10" count="3" type="stmt"/>
          <line num="11" count="41" type="stmt"/>
          <line num="12" count="41" type="stmt"/>
          <line num="17" count="2" type="stmt"/>
          <line num="19" count="2" type="stmt"/>
        </file>
      </package>
      <package name="utils.suggestions">
        <metrics statements="42" coveredstatements="38" conditionals="14" coveredconditionals="11" methods="10" coveredmethods="9"/>
        <file name="fromList.js" path="/Users/tclain/dev/github/coding-challenge-backend-c/utils/suggestions/fromList.js">
          <metrics statements="8" coveredstatements="7" conditionals="0" coveredconditionals="0" methods="2" coveredmethods="2"/>
          <line num="1" count="2" type="stmt"/>
          <line num="2" count="2" type="stmt"/>
          <line num="8" count="4" type="stmt"/>
          <line num="9" count="4" type="stmt"/>
          <line num="10" count="14482" type="stmt"/>
          <line num="12" count="0" type="stmt"/>
          <line num="18" count="2" type="stmt"/>
          <line num="20" count="2" type="stmt"/>
        </file>
        <file name="index.js" path="/Users/tclain/dev/github/coding-challenge-backend-c/utils/suggestions/index.js">
          <metrics statements="34" coveredstatements="31" conditionals="14" coveredconditionals="11" methods="8" coveredmethods="7"/>
          <line num="1" count="2" type="stmt"/>
          <line num="2" count="2" type="stmt"/>
          <line num="3" count="2" type="stmt"/>
          <line num="4" count="2" type="stmt"/>
          <line num="5" count="2" type="stmt"/>
          <line num="6" count="2" type="stmt"/>
          <line num="7" count="2" type="stmt"/>
          <line num="11" count="0" type="stmt"/>
          <line num="12" count="0" type="stmt"/>
          <line num="20" count="10" type="stmt"/>
          <line num="39" count="4" type="stmt"/>
          <line num="48" count="1" type="stmt"/>
          <line num="51" count="1" type="stmt"/>
          <line num="52" count="1" type="stmt"/>
          <line num="54" count="1" type="stmt"/>
          <line num="56" count="4" type="stmt"/>
          <line num="58" count="4" type="stmt"/>
          <line num="61" count="4" type="stmt"/>
          <line num="72" count="2" type="cond" truecount="1" falsecount="0"/>
          <line num="73" count="4" type="cond" truecount="1" falsecount="1"/>
          <line num="75" count="4" type="stmt"/>
          <line num="76" count="4" type="stmt"/>
          <line num="79" count="4" type="cond" truecount="2" falsecount="0"/>
          <line num="80" count="1" type="stmt"/>
          <line num="83" count="4" type="stmt"/>
          <line num="84" count="4" type="stmt"/>
          <line num="88" count="0" type="stmt"/>
          <line num="94" count="2" type="stmt"/>
          <line num="99" count="2" type="cond" truecount="2" falsecount="0"/>
          <line num="100" count="2" type="stmt"/>
          <line num="101" count="2" type="stmt"/>
          <line num="103" count="2" type="cond" truecount="2" falsecount="0"/>
          <line num="104" count="2" type="cond" truecount="1" falsecount="1"/>
          <line num="118" count="2" type="stmt"/>
        </file>
      </package>
    </metrics>
  </project>
</coverage>
