{"/home/tclain/dev/github/coding-challenge-backend-c/utils/cache.js": {"path":"/home/tclain/dev/github/coding-challenge-backend-c/utils/cache.js","statementMap":{"0":{"start":{"line":1,"column":12},"end":{"line":1,"column":14}},"1":{"start":{"line":5,"column":2},"end":{"line":5,"column":33}},"2":{"start":{"line":10,"column":16},"end":{"line":10,"column":26}},"3":{"start":{"line":11,"column":2},"end":{"line":14,"column":4}},"4":{"start":{"line":19,"column":2},"end":{"line":19,"column":13}},"5":{"start":{"line":28,"column":17},"end":{"line":28,"column":25}},"6":{"start":{"line":29,"column":2},"end":{"line":36,"column":3}},"7":{"start":{"line":30,"column":19},"end":{"line":30,"column":30}},"8":{"start":{"line":31,"column":4},"end":{"line":31,"column":21}},"9":{"start":{"line":32,"column":4},"end":{"line":35,"column":6}},"10":{"start":{"line":37,"column":2},"end":{"line":37,"column":16}},"11":{"start":{"line":40,"column":0},"end":{"line":46,"column":2}}},"fnMap":{"0":{"name":"set","decl":{"start":{"line":4,"column":9},"end":{"line":4,"column":12}},"loc":{"start":{"line":4,"column":54},"end":{"line":6,"column":1}},"line":4},"1":{"name":"get","decl":{"start":{"line":9,"column":9},"end":{"line":9,"column":12}},"loc":{"start":{"line":9,"column":45},"end":{"line":15,"column":1}},"line":9},"2":{"name":"clear","decl":{"start":{"line":18,"column":9},"end":{"line":18,"column":14}},"loc":{"start":{"line":18,"column":27},"end":{"line":20,"column":1}},"line":18},"3":{"name":"fromCacheOr","decl":{"start":{"line":27,"column":9},"end":{"line":27,"column":20}},"loc":{"start":{"line":27,"column":66},"end":{"line":38,"column":1}},"line":27}},"branchMap":{"0":{"loc":{"start":{"line":4,"column":25},"end":{"line":4,"column":52}},"type":"default-arg","locations":[{"start":{"line":4,"column":38},"end":{"line":4,"column":52}}],"line":4},"1":{"loc":{"start":{"line":9,"column":18},"end":{"line":9,"column":43}},"type":"default-arg","locations":[{"start":{"line":9,"column":33},"end":{"line":9,"column":43}}],"line":9},"2":{"loc":{"start":{"line":13,"column":10},"end":{"line":13,"column":59}},"type":"cond-expr","locations":[{"start":{"line":13,"column":32},"end":{"line":13,"column":51}},{"start":{"line":13,"column":54},"end":{"line":13,"column":59}}],"line":13},"3":{"loc":{"start":{"line":27,"column":37},"end":{"line":27,"column":64}},"type":"default-arg","locations":[{"start":{"line":27,"column":50},"end":{"line":27,"column":64}}],"line":27},"4":{"loc":{"start":{"line":29,"column":2},"end":{"line":36,"column":3}},"type":"if","locations":[{"start":{"line":29,"column":2},"end":{"line":36,"column":3}},{"start":{"line":29,"column":2},"end":{"line":36,"column":3}}],"line":29}},"s":{"0":1,"1":3,"2":5,"3":5,"4":2,"5":2,"6":2,"7":1,"8":1,"9":1,"10":1,"11":1},"f":{"0":3,"1":5,"2":2,"3":2},"b":{"0":[2],"1":[5],"2":[3,2],"3":[2],"4":[1,1]},"_coverageSchema":"332fd63041d2c1bcb487cc26dd0d5f7d97098a6c","hash":"5ec520d24c561eec02a5692ab307a1d19ba50d56"}
}
