{"/home/tclain/dev/github/coding-challenge-backend-c/utils/api.js": {"path":"/home/tclain/dev/github/coding-challenge-backend-c/utils/api.js","statementMap":{"0":{"start":{"line":1,"column":18},"end":{"line":1,"column":47}},"1":{"start":{"line":3,"column":37},"end":{"line":3,"column":61}},"2":{"start":{"line":4,"column":28},"end":{"line":4,"column":61}},"3":{"start":{"line":5,"column":29},"end":{"line":5,"column":63}},"4":{"start":{"line":6,"column":14},"end":{"line":6,"column":32}},"5":{"start":{"line":10,"column":2},"end":{"line":37,"column":4}},"6":{"start":{"line":11,"column":19},"end":{"line":11,"column":48}},"7":{"start":{"line":13,"column":4},"end":{"line":13,"column":76}},"8":{"start":{"line":13,"column":17},"end":{"line":13,"column":76}},"9":{"start":{"line":16,"column":29},"end":{"line":16,"column":79}},"10":{"start":{"line":19,"column":4},"end":{"line":30,"column":5}},"11":{"start":{"line":20,"column":6},"end":{"line":23,"column":8}},"12":{"start":{"line":25,"column":19},"end":{"line":25,"column":37}},"13":{"start":{"line":26,"column":6},"end":{"line":29,"column":8}},"14":{"start":{"line":33,"column":4},"end":{"line":34,"column":53}},"15":{"start":{"line":34,"column":6},"end":{"line":34,"column":53}},"16":{"start":{"line":36,"column":4},"end":{"line":36,"column":39}},"17":{"start":{"line":40,"column":0},"end":{"line":63,"column":2}},"18":{"start":{"line":41,"column":14},"end":{"line":41,"column":34}},"19":{"start":{"line":42,"column":2},"end":{"line":42,"column":28}},"20":{"start":{"line":45,"column":18},"end":{"line":48,"column":4}},"21":{"start":{"line":50,"column":2},"end":{"line":50,"column":80}},"22":{"start":{"line":51,"column":2},"end":{"line":51,"column":79}},"23":{"start":{"line":52,"column":2},"end":{"line":55,"column":4}},"24":{"start":{"line":56,"column":2},"end":{"line":56,"column":78}},"25":{"start":{"line":57,"column":2},"end":{"line":60,"column":4}},"26":{"start":{"line":62,"column":2},"end":{"line":62,"column":13}}},"fnMap":{"0":{"name":"suggestionBaseEndpoint","decl":{"start":{"line":9,"column":9},"end":{"line":9,"column":31}},"loc":{"start":{"line":9,"column":59},"end":{"line":38,"column":1}},"line":9},"1":{"name":"(anonymous_1)","decl":{"start":{"line":10,"column":9},"end":{"line":10,"column":10}},"loc":{"start":{"line":10,"column":23},"end":{"line":37,"column":3}},"line":10},"2":{"name":"(anonymous_2)","decl":{"start":{"line":40,"column":17},"end":{"line":40,"column":18}},"loc":{"start":{"line":40,"column":30},"end":{"line":63,"column":1}},"line":40}},"branchMap":{"0":{"loc":{"start":{"line":9,"column":45},"end":{"line":9,"column":57}},"type":"default-arg","locations":[{"start":{"line":9,"column":53},"end":{"line":9,"column":57}}],"line":9},"1":{"loc":{"start":{"line":13,"column":4},"end":{"line":13,"column":76}},"type":"if","locations":[{"start":{"line":13,"column":4},"end":{"line":13,"column":76}},{"start":{"line":13,"column":4},"end":{"line":13,"column":76}}],"line":13},"2":{"loc":{"start":{"line":19,"column":4},"end":{"line":30,"column":5}},"type":"if","locations":[{"start":{"line":19,"column":4},"end":{"line":30,"column":5}},{"start":{"line":19,"column":4},"end":{"line":30,"column":5}}],"line":19},"3":{"loc":{"start":{"line":33,"column":4},"end":{"line":34,"column":53}},"type":"if","locations":[{"start":{"line":33,"column":4},"end":{"line":34,"column":53}},{"start":{"line":33,"column":4},"end":{"line":34,"column":53}}],"line":33}},"s":{"0":1,"1":1,"2":1,"3":1,"4":1,"5":5,"6":2,"7":2,"8":0,"9":2,"10":2,"11":2,"12":0,"13":0,"14":2,"15":1,"16":1,"17":1,"18":1,"19":1,"20":1,"21":1,"22":1,"23":1,"24":1,"25":1,"26":1},"f":{"0":5,"1":2,"2":1},"b":{"0":[4],"1":[0,2],"2":[2,0],"3":[1,1]},"_coverageSchema":"332fd63041d2c1bcb487cc26dd0d5f7d97098a6c","hash":"0782feda4adb33110eb32e2345b0039ef719762a"}
,"/home/tclain/dev/github/coding-challenge-backend-c/utils/cache.js": {"path":"/home/tclain/dev/github/coding-challenge-backend-c/utils/cache.js","statementMap":{"0":{"start":{"line":1,"column":12},"end":{"line":1,"column":14}},"1":{"start":{"line":5,"column":2},"end":{"line":5,"column":33}},"2":{"start":{"line":10,"column":16},"end":{"line":10,"column":26}},"3":{"start":{"line":11,"column":2},"end":{"line":14,"column":4}},"4":{"start":{"line":19,"column":2},"end":{"line":19,"column":13}},"5":{"start":{"line":28,"column":17},"end":{"line":28,"column":25}},"6":{"start":{"line":29,"column":2},"end":{"line":36,"column":3}},"7":{"start":{"line":30,"column":19},"end":{"line":30,"column":30}},"8":{"start":{"line":31,"column":4},"end":{"line":31,"column":21}},"9":{"start":{"line":32,"column":4},"end":{"line":35,"column":6}},"10":{"start":{"line":37,"column":2},"end":{"line":37,"column":16}},"11":{"start":{"line":40,"column":0},"end":{"line":46,"column":2}}},"fnMap":{"0":{"name":"set","decl":{"start":{"line":4,"column":9},"end":{"line":4,"column":12}},"loc":{"start":{"line":4,"column":54},"end":{"line":6,"column":1}},"line":4},"1":{"name":"get","decl":{"start":{"line":9,"column":9},"end":{"line":9,"column":12}},"loc":{"start":{"line":9,"column":45},"end":{"line":15,"column":1}},"line":9},"2":{"name":"clear","decl":{"start":{"line":18,"column":9},"end":{"line":18,"column":14}},"loc":{"start":{"line":18,"column":27},"end":{"line":20,"column":1}},"line":18},"3":{"name":"fromCacheOr","decl":{"start":{"line":27,"column":9},"end":{"line":27,"column":20}},"loc":{"start":{"line":27,"column":66},"end":{"line":38,"column":1}},"line":27}},"branchMap":{"0":{"loc":{"start":{"line":4,"column":25},"end":{"line":4,"column":52}},"type":"default-arg","locations":[{"start":{"line":4,"column":38},"end":{"line":4,"column":52}}],"line":4},"1":{"loc":{"start":{"line":9,"column":18},"end":{"line":9,"column":43}},"type":"default-arg","locations":[{"start":{"line":9,"column":33},"end":{"line":9,"column":43}}],"line":9},"2":{"loc":{"start":{"line":13,"column":10},"end":{"line":13,"column":59}},"type":"cond-expr","locations":[{"start":{"line":13,"column":32},"end":{"line":13,"column":51}},{"start":{"line":13,"column":54},"end":{"line":13,"column":59}}],"line":13},"3":{"loc":{"start":{"line":27,"column":37},"end":{"line":27,"column":64}},"type":"default-arg","locations":[{"start":{"line":27,"column":50},"end":{"line":27,"column":64}}],"line":27},"4":{"loc":{"start":{"line":29,"column":2},"end":{"line":36,"column":3}},"type":"if","locations":[{"start":{"line":29,"column":2},"end":{"line":36,"column":3}},{"start":{"line":29,"column":2},"end":{"line":36,"column":3}}],"line":29}},"s":{"0":2,"1":5,"2":7,"3":7,"4":2,"5":4,"6":4,"7":3,"8":3,"9":3,"10":1,"11":2},"f":{"0":5,"1":7,"2":2,"3":4},"b":{"0":[4],"1":[7],"2":[3,4],"3":[4],"4":[3,1]},"_coverageSchema":"332fd63041d2c1bcb487cc26dd0d5f7d97098a6c","hash":"5ec520d24c561eec02a5692ab307a1d19ba50d56"}
,"/home/tclain/dev/github/coding-challenge-backend-c/utils/cities.js": {"path":"/home/tclain/dev/github/coding-challenge-backend-c/utils/cities.js","statementMap":{"0":{"start":{"line":1,"column":19},"end":{"line":1,"column":41}},"1":{"start":{"line":2,"column":21},"end":{"line":2,"column":38}},"2":{"start":{"line":3,"column":25},"end":{"line":3,"column":41}},"3":{"start":{"line":4,"column":27},"end":{"line":4,"column":44}},"4":{"start":{"line":5,"column":21},"end":{"line":5,"column":57}},"5":{"start":{"line":8,"column":29},"end":{"line":8,"column":33}},"6":{"start":{"line":12,"column":19},"end":{"line":32,"column":2}},"7":{"start":{"line":12,"column":38},"end":{"line":12,"column":40}},"8":{"start":{"line":36,"column":21},"end":{"line":36,"column":46}},"9":{"start":{"line":37,"column":2},"end":{"line":37,"column":38}},"10":{"start":{"line":37,"column":25},"end":{"line":37,"column":38}},"11":{"start":{"line":38,"column":2},"end":{"line":38,"column":32}},"12":{"start":{"line":43,"column":2},"end":{"line":82,"column":5}},"13":{"start":{"line":44,"column":15},"end":{"line":51,"column":5}},"14":{"start":{"line":52,"column":16},"end":{"line":52,"column":20}},"15":{"start":{"line":53,"column":4},"end":{"line":81,"column":7}},"16":{"start":{"line":55,"column":6},"end":{"line":58,"column":7}},"17":{"start":{"line":56,"column":8},"end":{"line":56,"column":22}},"18":{"start":{"line":57,"column":8},"end":{"line":57,"column":20}},"19":{"start":{"line":59,"column":25},"end":{"line":59,"column":41}},"20":{"start":{"line":61,"column":6},"end":{"line":76,"column":7}},"21":{"start":{"line":63,"column":26},"end":{"line":63,"column":78}},"22":{"start":{"line":64,"column":23},"end":{"line":71,"column":9}},"23":{"start":{"line":73,"column":8},"end":{"line":73,"column":35}},"24":{"start":{"line":74,"column":8},"end":{"line":74,"column":43}},"25":{"start":{"line":75,"column":8},"end":{"line":75,"column":31}},"26":{"start":{"line":77,"column":6},"end":{"line":80,"column":7}},"27":{"start":{"line":78,"column":8},"end":{"line":78,"column":20}},"28":{"start":{"line":79,"column":8},"end":{"line":79,"column":21}},"29":{"start":{"line":92,"column":13},"end":{"line":92,"column":25}},"30":{"start":{"line":93,"column":16},"end":{"line":93,"column":49}},"31":{"start":{"line":94,"column":13},"end":{"line":94,"column":15}},"32":{"start":{"line":97,"column":2},"end":{"line":97,"column":49}},"33":{"start":{"line":99,"column":2},"end":{"line":104,"column":3}},"34":{"start":{"line":100,"column":4},"end":{"line":100,"column":17}},"35":{"start":{"line":101,"column":16},"end":{"line":101,"column":50}},"36":{"start":{"line":102,"column":4},"end":{"line":102,"column":17}},"37":{"start":{"line":103,"column":4},"end":{"line":103,"column":38}},"38":{"start":{"line":105,"column":2},"end":{"line":105,"column":12}},"39":{"start":{"line":108,"column":0},"end":{"line":113,"column":2}}},"fnMap":{"0":{"name":"(anonymous_0)","decl":{"start":{"line":12,"column":32},"end":{"line":12,"column":33}},"loc":{"start":{"line":12,"column":38},"end":{"line":12,"column":40}},"line":12},"1":{"name":"isCityValid","decl":{"start":{"line":35,"column":9},"end":{"line":35,"column":20}},"loc":{"start":{"line":35,"column":38},"end":{"line":39,"column":1}},"line":35},"2":{"name":"indexCities","decl":{"start":{"line":42,"column":9},"end":{"line":42,"column":20}},"loc":{"start":{"line":42,"column":31},"end":{"line":83,"column":1}},"line":42},"3":{"name":"(anonymous_3)","decl":{"start":{"line":43,"column":21},"end":{"line":43,"column":22}},"loc":{"start":{"line":43,"column":42},"end":{"line":82,"column":3}},"line":43},"4":{"name":"(anonymous_4)","decl":{"start":{"line":53,"column":34},"end":{"line":53,"column":35}},"loc":{"start":{"line":53,"column":50},"end":{"line":81,"column":5}},"line":53},"5":{"name":"buildTextIndex","decl":{"start":{"line":88,"column":9},"end":{"line":88,"column":23}},"loc":{"start":{"line":91,"column":2},"end":{"line":106,"column":1}},"line":91}},"branchMap":{"0":{"loc":{"start":{"line":37,"column":2},"end":{"line":37,"column":38}},"type":"if","locations":[{"start":{"line":37,"column":2},"end":{"line":37,"column":38}},{"start":{"line":37,"column":2},"end":{"line":37,"column":38}}],"line":37},"1":{"loc":{"start":{"line":55,"column":6},"end":{"line":58,"column":7}},"type":"if","locations":[{"start":{"line":55,"column":6},"end":{"line":58,"column":7}},{"start":{"line":55,"column":6},"end":{"line":58,"column":7}}],"line":55},"2":{"loc":{"start":{"line":61,"column":6},"end":{"line":76,"column":7}},"type":"if","locations":[{"start":{"line":61,"column":6},"end":{"line":76,"column":7}},{"start":{"line":61,"column":6},"end":{"line":76,"column":7}}],"line":61},"3":{"loc":{"start":{"line":63,"column":26},"end":{"line":63,"column":78}},"type":"binary-expr","locations":[{"start":{"line":63,"column":26},"end":{"line":63,"column":57}},{"start":{"line":63,"column":61},"end":{"line":63,"column":78}}],"line":63},"4":{"loc":{"start":{"line":77,"column":6},"end":{"line":80,"column":7}},"type":"if","locations":[{"start":{"line":77,"column":6},"end":{"line":80,"column":7}},{"start":{"line":77,"column":6},"end":{"line":80,"column":7}}],"line":77},"5":{"loc":{"start":{"line":89,"column":2},"end":{"line":89,"column":47}},"type":"default-arg","locations":[{"start":{"line":89,"column":7},"end":{"line":89,"column":47}}],"line":89},"6":{"loc":{"start":{"line":101,"column":16},"end":{"line":101,"column":50}},"type":"binary-expr","locations":[{"start":{"line":101,"column":16},"end":{"line":101,"column":44}},{"start":{"line":101,"column":48},"end":{"line":101,"column":50}}],"line":101}},"s":{"0":1,"1":1,"2":1,"3":1,"4":1,"5":1,"6":1,"7":2,"8":5,"9":5,"10":0,"11":5,"12":1,"13":1,"14":1,"15":1,"16":3,"17":1,"18":1,"19":2,"20":2,"21":2,"22":2,"23":2,"24":2,"25":2,"26":2,"27":1,"28":1,"29":5,"30":5,"31":5,"32":5,"33":5,"34":35,"35":35,"36":35,"37":35,"38":5,"39":1},"f":{"0":2,"1":5,"2":1,"3":1,"4":3,"5":5},"b":{"0":[0,5],"1":[1,2],"2":[2,0],"3":[2,0],"4":[1,1],"5":[0],"6":[35,26]},"_coverageSchema":"332fd63041d2c1bcb487cc26dd0d5f7d97098a6c","hash":"75ed2bc8deaf4332b09c7760fcab6dceee8c1938"}
,"/home/tclain/dev/github/coding-challenge-backend-c/utils/geo.js": {"path":"/home/tclain/dev/github/coding-challenge-backend-c/utils/geo.js","statementMap":{"0":{"start":{"line":1,"column":17},"end":{"line":1,"column":50}},"1":{"start":{"line":2,"column":18},"end":{"line":2,"column":42}},"2":{"start":{"line":8,"column":28},"end":{"line":14,"column":1}},"3":{"start":{"line":9,"column":19},"end":{"line":9,"column":45}},"4":{"start":{"line":10,"column":20},"end":{"line":10,"column":47}},"5":{"start":{"line":11,"column":2},"end":{"line":13,"column":11}},"6":{"start":{"line":11,"column":45},"end":{"line":11,"column":57}},"7":{"start":{"line":23,"column":25},"end":{"line":23,"column":51}},"8":{"start":{"line":24,"column":25},"end":{"line":24,"column":51}},"9":{"start":{"line":26,"column":2},"end":{"line":26,"column":72}},"10":{"start":{"line":26,"column":53},"end":{"line":26,"column":59}},"11":{"start":{"line":26,"column":62},"end":{"line":26,"column":72}},"12":{"start":{"line":27,"column":2},"end":{"line":30,"column":4}},"13":{"start":{"line":35,"column":2},"end":{"line":37,"column":5}},"14":{"start":{"line":36,"column":4},"end":{"line":36,"column":65}},"15":{"start":{"line":40,"column":0},"end":{"line":44,"column":2}}},"fnMap":{"0":{"name":"(anonymous_0)","decl":{"start":{"line":8,"column":28},"end":{"line":8,"column":29}},"loc":{"start":{"line":8,"column":37},"end":{"line":14,"column":1}},"line":8},"1":{"name":"(anonymous_1)","decl":{"start":{"line":11,"column":37},"end":{"line":11,"column":38}},"loc":{"start":{"line":11,"column":45},"end":{"line":11,"column":57}},"line":11},"2":{"name":"distanceBetween","decl":{"start":{"line":21,"column":9},"end":{"line":21,"column":24}},"loc":{"start":{"line":21,"column":39},"end":{"line":31,"column":1}},"line":21},"3":{"name":"(anonymous_3)","decl":{"start":{"line":26,"column":44},"end":{"line":26,"column":45}},"loc":{"start":{"line":26,"column":53},"end":{"line":26,"column":59}},"line":26},"4":{"name":"sortByDistance","decl":{"start":{"line":34,"column":9},"end":{"line":34,"column":23}},"loc":{"start":{"line":34,"column":44},"end":{"line":38,"column":1}},"line":34},"5":{"name":"(anonymous_5)","decl":{"start":{"line":35,"column":21},"end":{"line":35,"column":22}},"loc":{"start":{"line":35,"column":31},"end":{"line":37,"column":3}},"line":35}},"branchMap":{"0":{"loc":{"start":{"line":11,"column":9},"end":{"line":13,"column":10}},"type":"cond-expr","locations":[{"start":{"line":12,"column":6},"end":{"line":12,"column":29}},{"start":{"line":13,"column":6},"end":{"line":13,"column":10}}],"line":11},"1":{"loc":{"start":{"line":26,"column":2},"end":{"line":26,"column":72}},"type":"if","locations":[{"start":{"line":26,"column":2},"end":{"line":26,"column":72}},{"start":{"line":26,"column":2},"end":{"line":26,"column":72}}],"line":26},"2":{"loc":{"start":{"line":34,"column":31},"end":{"line":34,"column":42}},"type":"default-arg","locations":[{"start":{"line":34,"column":40},"end":{"line":34,"column":42}}],"line":34}},"s":{"0":3,"1":3,"2":3,"3":22,"4":22,"5":22,"6":42,"7":10,"8":10,"9":10,"10":20,"11":1,"12":9,"13":1,"14":2,"15":3},"f":{"0":22,"1":42,"2":10,"3":20,"4":1,"5":2},"b":{"0":[20,2],"1":[1,9],"2":[0]},"_coverageSchema":"332fd63041d2c1bcb487cc26dd0d5f7d97098a6c","hash":"87564f0d86505bf9c4d8d3a57f5b9650e22ad654"}
,"/home/tclain/dev/github/coding-challenge-backend-c/utils/numbers.js": {"path":"/home/tclain/dev/github/coding-challenge-backend-c/utils/numbers.js","statementMap":{"0":{"start":{"line":6,"column":2},"end":{"line":6,"column":36}},"1":{"start":{"line":9,"column":0},"end":{"line":11,"column":2}}},"fnMap":{"0":{"name":"twoDecimalsAtMost","decl":{"start":{"line":5,"column":9},"end":{"line":5,"column":26}},"loc":{"start":{"line":5,"column":35},"end":{"line":7,"column":1}},"line":5}},"branchMap":{},"s":{"0":15,"1":3},"f":{"0":15},"b":{},"_coverageSchema":"332fd63041d2c1bcb487cc26dd0d5f7d97098a6c","hash":"bac76385e3290fe893d34a95ef52819e11690ef0"}
,"/home/tclain/dev/github/coding-challenge-backend-c/utils/sort.js": {"path":"/home/tclain/dev/github/coding-challenge-backend-c/utils/sort.js","statementMap":{"0":{"start":{"line":1,"column":18},"end":{"line":1,"column":38}},"1":{"start":{"line":8,"column":29},"end":{"line":21,"column":2}},"2":{"start":{"line":9,"column":2},"end":{"line":20,"column":5}},"3":{"start":{"line":10,"column":19},"end":{"line":10,"column":27}},"4":{"start":{"line":11,"column":19},"end":{"line":11,"column":27}},"5":{"start":{"line":12,"column":4},"end":{"line":19,"column":5}},"6":{"start":{"line":14,"column":8},"end":{"line":14,"column":31}},"7":{"start":{"line":16,"column":8},"end":{"line":16,"column":31}},"8":{"start":{"line":18,"column":8},"end":{"line":18,"column":17}},"9":{"start":{"line":23,"column":0},"end":{"line":25,"column":2}}},"fnMap":{"0":{"name":"(anonymous_0)","decl":{"start":{"line":8,"column":35},"end":{"line":8,"column":36}},"loc":{"start":{"line":8,"column":64},"end":{"line":21,"column":1}},"line":8},"1":{"name":"(anonymous_1)","decl":{"start":{"line":9,"column":33},"end":{"line":9,"column":34}},"loc":{"start":{"line":9,"column":43},"end":{"line":20,"column":3}},"line":9}},"branchMap":{"0":{"loc":{"start":{"line":12,"column":4},"end":{"line":19,"column":5}},"type":"switch","locations":[{"start":{"line":13,"column":6},"end":{"line":14,"column":31}},{"start":{"line":15,"column":6},"end":{"line":16,"column":31}},{"start":{"line":17,"column":6},"end":{"line":18,"column":17}}],"line":12}},"s":{"0":3,"1":3,"2":8,"3":18,"4":18,"5":18,"6":6,"7":10,"8":2,"9":3},"f":{"0":8,"1":18},"b":{"0":[6,10,2]},"_coverageSchema":"332fd63041d2c1bcb487cc26dd0d5f7d97098a6c","hash":"eec1d85b37f0b11d26d3e2e8b8ebc3a241aaec4d"}
,"/home/tclain/dev/github/coding-challenge-backend-c/utils/text.js": {"path":"/home/tclain/dev/github/coding-challenge-backend-c/utils/text.js","statementMap":{"0":{"start":{"line":1,"column":20},"end":{"line":1,"column":47}},"1":{"start":{"line":5,"column":2},"end":{"line":12,"column":28}},"2":{"start":{"line":21,"column":2},"end":{"line":21,"column":39}},"3":{"start":{"line":24,"column":0},"end":{"line":27,"column":2}}},"fnMap":{"0":{"name":"sanitizeString","decl":{"start":{"line":4,"column":9},"end":{"line":4,"column":23}},"loc":{"start":{"line":4,"column":29},"end":{"line":13,"column":1}},"line":4},"1":{"name":"levenshteinDistance","decl":{"start":{"line":20,"column":9},"end":{"line":20,"column":28}},"loc":{"start":{"line":20,"column":43},"end":{"line":22,"column":1}},"line":20}},"branchMap":{},"s":{"0":4,"1":7,"2":11,"3":4},"f":{"0":7,"1":11},"b":{},"_coverageSchema":"332fd63041d2c1bcb487cc26dd0d5f7d97098a6c","hash":"217fed8264a391893c92f792208e564e599c4e8a"}
,"/home/tclain/dev/github/coding-challenge-backend-c/utils/tsv.js": {"path":"/home/tclain/dev/github/coding-challenge-backend-c/utils/tsv.js","statementMap":{"0":{"start":{"line":1,"column":18},"end":{"line":1,"column":35}},"1":{"start":{"line":4,"column":22},"end":{"line":4,"column":26}},"2":{"start":{"line":7,"column":18},"end":{"line":15,"column":1}},"3":{"start":{"line":9,"column":21},"end":{"line":9,"column":63}},"4":{"start":{"line":10,"column":4},"end":{"line":13,"column":11}},"5":{"start":{"line":11,"column":6},"end":{"line":11,"column":44}},"6":{"start":{"line":12,"column":6},"end":{"line":12,"column":20}},"7":{"start":{"line":17,"column":21},"end":{"line":17,"column":45}},"8":{"start":{"line":19,"column":0},"end":{"line":22,"column":2}}},"fnMap":{"0":{"name":"(anonymous_0)","decl":{"start":{"line":8,"column":2},"end":{"line":8,"column":3}},"loc":{"start":{"line":8,"column":58},"end":{"line":14,"column":3}},"line":8},"1":{"name":"(anonymous_1)","decl":{"start":{"line":10,"column":31},"end":{"line":10,"column":32}},"loc":{"start":{"line":10,"column":63},"end":{"line":13,"column":5}},"line":10}},"branchMap":{},"s":{"0":2,"1":2,"2":2,"3":3,"4":3,"5":41,"6":41,"7":2,"8":2},"f":{"0":3,"1":41},"b":{},"_coverageSchema":"332fd63041d2c1bcb487cc26dd0d5f7d97098a6c","hash":"ae2311e472dd1caa0fd75f982650e647b8be7f10"}
,"/home/tclain/dev/github/coding-challenge-backend-c/utils/suggestions/fromIndex.js": {"path":"/home/tclain/dev/github/coding-challenge-backend-c/utils/suggestions/fromIndex.js","statementMap":{"0":{"start":{"line":1,"column":20},"end":{"line":1,"column":32}},"1":{"start":{"line":5,"column":2},"end":{"line":5,"column":30}},"2":{"start":{"line":5,"column":20},"end":{"line":5,"column":30}},"3":{"start":{"line":8,"column":27},"end":{"line":8,"column":50}},"4":{"start":{"line":9,"column":2},"end":{"line":13,"column":3}},"5":{"start":{"line":9,"column":24},"end":{"line":9,"column":60}},"6":{"start":{"line":11,"column":27},"end":{"line":11,"column":51}},"7":{"start":{"line":12,"column":4},"end":{"line":12,"column":52}},"8":{"start":{"line":12,"column":36},"end":{"line":12,"column":50}},"9":{"start":{"line":19,"column":25},"end":{"line":19,"column":52}},"10":{"start":{"line":21,"column":0},"end":{"line":24,"column":2}}},"fnMap":{"0":{"name":"findMatchesInIndex","decl":{"start":{"line":4,"column":9},"end":{"line":4,"column":27}},"loc":{"start":{"line":4,"column":39},"end":{"line":14,"column":1}},"line":4},"1":{"name":"(anonymous_1)","decl":{"start":{"line":12,"column":30},"end":{"line":12,"column":31}},"loc":{"start":{"line":12,"column":36},"end":{"line":12,"column":50}},"line":12}},"branchMap":{"0":{"loc":{"start":{"line":5,"column":2},"end":{"line":5,"column":30}},"type":"if","locations":[{"start":{"line":5,"column":2},"end":{"line":5,"column":30}},{"start":{"line":5,"column":2},"end":{"line":5,"column":30}}],"line":5},"1":{"loc":{"start":{"line":9,"column":2},"end":{"line":13,"column":3}},"type":"if","locations":[{"start":{"line":9,"column":2},"end":{"line":13,"column":3}},{"start":{"line":9,"column":2},"end":{"line":13,"column":3}}],"line":9}},"s":{"0":1,"1":0,"2":0,"3":0,"4":0,"5":0,"6":0,"7":0,"8":0,"9":1,"10":1},"f":{"0":0,"1":0},"b":{"0":[0,0],"1":[0,0]},"_coverageSchema":"332fd63041d2c1bcb487cc26dd0d5f7d97098a6c","hash":"1b0588d10f0021a70b09055a61708d3f8bc9aff4"}
,"/home/tclain/dev/github/coding-challenge-backend-c/utils/suggestions/fromList.js": {"path":"/home/tclain/dev/github/coding-challenge-backend-c/utils/suggestions/fromList.js","statementMap":{"0":{"start":{"line":1,"column":20},"end":{"line":1,"column":32}},"1":{"start":{"line":2,"column":27},"end":{"line":2,"column":45}},"2":{"start":{"line":8,"column":25},"end":{"line":8,"column":46}},"3":{"start":{"line":9,"column":2},"end":{"line":11,"column":5}},"4":{"start":{"line":10,"column":4},"end":{"line":10,"column":63}},"5":{"start":{"line":12,"column":2},"end":{"line":12,"column":17}},"6":{"start":{"line":18,"column":24},"end":{"line":18,"column":50}},"7":{"start":{"line":20,"column":0},"end":{"line":23,"column":2}}},"fnMap":{"0":{"name":"findMatchesInList","decl":{"start":{"line":7,"column":9},"end":{"line":7,"column":26}},"loc":{"start":{"line":7,"column":38},"end":{"line":13,"column":1}},"line":7},"1":{"name":"(anonymous_1)","decl":{"start":{"line":9,"column":26},"end":{"line":9,"column":27}},"loc":{"start":{"line":9,"column":34},"end":{"line":11,"column":3}},"line":9}},"branchMap":{},"s":{"0":2,"1":2,"2":4,"3":4,"4":14482,"5":0,"6":2,"7":2},"f":{"0":4,"1":14482},"b":{},"_coverageSchema":"332fd63041d2c1bcb487cc26dd0d5f7d97098a6c","hash":"dc4b355834d55b04ee57475aebe7cb140b8e6924"}
,"/home/tclain/dev/github/coding-challenge-backend-c/utils/suggestions/index.js": {"path":"/home/tclain/dev/github/coding-challenge-backend-c/utils/suggestions/index.js","statementMap":{"0":{"start":{"line":1,"column":11},"end":{"line":1,"column":24}},"1":{"start":{"line":2,"column":18},"end":{"line":2,"column":38}},"2":{"start":{"line":3,"column":30},"end":{"line":3,"column":47}},"3":{"start":{"line":4,"column":49},"end":{"line":4,"column":66}},"4":{"start":{"line":5,"column":48},"end":{"line":5,"column":66}},"5":{"start":{"line":6,"column":33},"end":{"line":6,"column":51}},"6":{"start":{"line":7,"column":30},"end":{"line":7,"column":51}},"7":{"start":{"line":11,"column":18},"end":{"line":11,"column":39}},"8":{"start":{"line":12,"column":2},"end":{"line":12,"column":52}},"9":{"start":{"line":20,"column":2},"end":{"line":28,"column":6}},"10":{"start":{"line":20,"column":32},"end":{"line":28,"column":3}},"11":{"start":{"line":39,"column":21},"end":{"line":45,"column":5}},"12":{"start":{"line":39,"column":44},"end":{"line":45,"column":3}},"13":{"start":{"line":48,"column":2},"end":{"line":48,"column":80}},"14":{"start":{"line":51,"column":26},"end":{"line":51,"column":63}},"15":{"start":{"line":52,"column":27},"end":{"line":52,"column":63}},"16":{"start":{"line":54,"column":2},"end":{"line":66,"column":5}},"17":{"start":{"line":56,"column":21},"end":{"line":56,"column":68}},"18":{"start":{"line":58,"column":21},"end":{"line":60,"column":5}},"19":{"start":{"line":61,"column":4},"end":{"line":65,"column":6}},"20":{"start":{"line":72,"column":16},"end":{"line":90,"column":2}},"21":{"start":{"line":73,"column":2},"end":{"line":89,"column":3}},"22":{"start":{"line":75,"column":18},"end":{"line":75,"column":42}},"23":{"start":{"line":76,"column":4},"end":{"line":76,"column":58}},"24":{"start":{"line":79,"column":4},"end":{"line":81,"column":5}},"25":{"start":{"line":80,"column":6},"end":{"line":80,"column":58}},"26":{"start":{"line":83,"column":4},"end":{"line":83,"column":60}},"27":{"start":{"line":84,"column":4},"end":{"line":86,"column":6}},"28":{"start":{"line":88,"column":4},"end":{"line":88,"column":31}},"29":{"start":{"line":94,"column":39},"end":{"line":98,"column":3}},"30":{"start":{"line":99,"column":19},"end":{"line":99,"column":40}},"31":{"start":{"line":100,"column":22},"end":{"line":100,"column":50}},"32":{"start":{"line":101,"column":23},"end":{"line":101,"column":52}},"33":{"start":{"line":103,"column":25},"end":{"line":103,"column":52}},"34":{"start":{"line":104,"column":2},"end":{"line":116,"column":11}},"35":{"start":{"line":119,"column":0},"end":{"line":124,"column":2}}},"fnMap":{"0":{"name":"loadIndex","decl":{"start":{"line":10,"column":9},"end":{"line":10,"column":18}},"loc":{"start":{"line":10,"column":25},"end":{"line":13,"column":1}},"line":10},"1":{"name":"withLevensteinDistanceScore","decl":{"start":{"line":19,"column":9},"end":{"line":19,"column":36}},"loc":{"start":{"line":19,"column":57},"end":{"line":29,"column":1}},"line":19},"2":{"name":"(anonymous_2)","decl":{"start":{"line":20,"column":21},"end":{"line":20,"column":22}},"loc":{"start":{"line":20,"column":32},"end":{"line":28,"column":3}},"line":20},"3":{"name":"weighWithGeoDistanceScore","decl":{"start":{"line":37,"column":9},"end":{"line":37,"column":34}},"loc":{"start":{"line":37,"column":72},"end":{"line":67,"column":1}},"line":37},"4":{"name":"(anonymous_4)","decl":{"start":{"line":39,"column":33},"end":{"line":39,"column":34}},"loc":{"start":{"line":39,"column":44},"end":{"line":45,"column":3}},"line":39},"5":{"name":"(anonymous_5)","decl":{"start":{"line":54,"column":26},"end":{"line":54,"column":27}},"loc":{"start":{"line":54,"column":36},"end":{"line":66,"column":3}},"line":54},"6":{"name":"(anonymous_6)","decl":{"start":{"line":72,"column":22},"end":{"line":72,"column":23}},"loc":{"start":{"line":72,"column":66},"end":{"line":90,"column":1}},"line":72},"7":{"name":"validateParamsMiddleware","decl":{"start":{"line":93,"column":9},"end":{"line":93,"column":33}},"loc":{"start":{"line":93,"column":39},"end":{"line":117,"column":1}},"line":93}},"branchMap":{"0":{"loc":{"start":{"line":37,"column":55},"end":{"line":37,"column":70}},"type":"default-arg","locations":[{"start":{"line":37,"column":69},"end":{"line":37,"column":70}}],"line":37},"1":{"loc":{"start":{"line":72,"column":49},"end":{"line":72,"column":61}},"type":"default-arg","locations":[{"start":{"line":72,"column":57},"end":{"line":72,"column":61}}],"line":72},"2":{"loc":{"start":{"line":73,"column":2},"end":{"line":89,"column":3}},"type":"if","locations":[{"start":{"line":73,"column":2},"end":{"line":89,"column":3}},{"start":{"line":73,"column":2},"end":{"line":89,"column":3}}],"line":73},"3":{"loc":{"start":{"line":79,"column":4},"end":{"line":81,"column":5}},"type":"if","locations":[{"start":{"line":79,"column":4},"end":{"line":81,"column":5}},{"start":{"line":79,"column":4},"end":{"line":81,"column":5}}],"line":79},"4":{"loc":{"start":{"line":99,"column":19},"end":{"line":99,"column":40}},"type":"binary-expr","locations":[{"start":{"line":99,"column":19},"end":{"line":99,"column":24}},{"start":{"line":99,"column":28},"end":{"line":99,"column":40}}],"line":99},"5":{"loc":{"start":{"line":103,"column":25},"end":{"line":103,"column":52}},"type":"binary-expr","locations":[{"start":{"line":103,"column":25},"end":{"line":103,"column":36}},{"start":{"line":103,"column":40},"end":{"line":103,"column":52}}],"line":103},"6":{"loc":{"start":{"line":104,"column":9},"end":{"line":116,"column":10}},"type":"cond-expr","locations":[{"start":{"line":105,"column":6},"end":{"line":115,"column":7}},{"start":{"line":116,"column":6},"end":{"line":116,"column":10}}],"line":104},"7":{"loc":{"start":{"line":107,"column":12},"end":{"line":114,"column":14}},"type":"cond-expr","locations":[{"start":{"line":108,"column":12},"end":{"line":113,"column":13}},{"start":{"line":114,"column":12},"end":{"line":114,"column":14}}],"line":107}},"s":{"0":2,"1":2,"2":2,"3":2,"4":2,"5":2,"6":2,"7":0,"8":0,"9":4,"10":10,"11":1,"12":4,"13":1,"14":1,"15":1,"16":1,"17":4,"18":4,"19":4,"20":2,"21":4,"22":4,"23":4,"24":4,"25":1,"26":4,"27":4,"28":0,"29":2,"30":2,"31":2,"32":2,"33":2,"34":2,"35":2},"f":{"0":0,"1":4,"2":10,"3":1,"4":4,"5":4,"6":4,"7":2},"b":{"0":[1],"1":[3],"2":[4,0],"3":[1,3],"4":[2,2],"5":[2,2],"6":[2,0],"7":[0,2]},"_coverageSchema":"332fd63041d2c1bcb487cc26dd0d5f7d97098a6c","hash":"115cde4d44c25328d47c385d57ab00b20bf5982d"}
}
