TN:
SF:/Users/tclain/dev/github/coding-challenge-backend-c/utils/api.js
FN:8,(anonymous_0)
FN:18,(anonymous_1)
FNF:2
FNH:2
FNDA:1,(anonymous_0)
FNDA:2,(anonymous_1)
DA:1,1
DA:3,1
DA:4,1
DA:5,1
DA:6,1
DA:8,1
DA:9,1
DA:10,1
DA:13,1
DA:18,1
DA:19,2
DA:21,2
DA:24,2
DA:26,2
DA:28,2
DA:29,1
DA:31,1
DA:34,1
LF:18
LH:18
BRDA:21,0,0,0
BRDA:21,0,1,2
BRDA:28,1,0,1
BRDA:28,1,1,1
BRF:4
BRH:3
end_of_record
TN:
SF:/Users/tclain/dev/github/coding-challenge-backend-c/utils/cache.js
FN:4,set
FN:9,get
FN:14,clear
FN:23,fromCacheOr
FNF:4
FNH:0
FNDA:0,set
FNDA:0,get
FNDA:0,clear
FNDA:0,fromCacheOr
DA:1,1
DA:5,0
DA:10,0
DA:15,0
DA:24,0
DA:25,0
DA:26,0
DA:27,0
DA:28,0
DA:30,0
DA:33,1
LF:11
LH:2
BRDA:25,0,0,0
BRDA:25,0,1,0
BRF:2
BRH:0
end_of_record
TN:
SF:/Users/tclain/dev/github/coding-challenge-backend-c/utils/cities.js
FN:12,(anonymous_0)
FN:35,isCityValid
FN:42,indexCities
FN:43,(anonymous_3)
FN:50,(anonymous_4)
FNF:5
FNH:5
FNDA:2,(anonymous_0)
FNDA:5,isCityValid
FNDA:1,indexCities
FNDA:1,(anonymous_3)
FNDA:3,(anonymous_4)
DA:1,1
DA:2,1
DA:3,1
DA:4,1
DA:5,1
DA:8,1
DA:12,2
DA:36,5
DA:37,5
DA:38,5
DA:43,1
DA:44,1
DA:49,1
DA:50,1
DA:52,3
DA:53,1
DA:54,1
DA:56,2
DA:58,2
DA:60,2
DA:61,2
DA:68,2
DA:69,2
DA:71,2
DA:72,1
DA:73,1
DA:79,1
LF:27
LH:27
BRDA:37,0,0,0
BRDA:37,0,1,5
BRDA:52,1,0,1
BRDA:52,1,1,2
BRDA:58,2,0,2
BRDA:58,2,1,0
BRDA:60,3,0,2
BRDA:60,3,1,0
BRDA:71,4,0,1
BRDA:71,4,1,1
BRF:10
BRH:7
end_of_record
TN:
SF:/Users/tclain/dev/github/coding-challenge-backend-c/utils/geo.js
FN:8,(anonymous_0)
FN:11,(anonymous_1)
FN:21,distanceBetween
FN:26,(anonymous_3)
FN:34,sortByDistance
FN:35,(anonymous_5)
FNF:6
FNH:6
FNDA:22,(anonymous_0)
FNDA:42,(anonymous_1)
FNDA:10,distanceBetween
FNDA:20,(anonymous_3)
FNDA:1,sortByDistance
FNDA:2,(anonymous_5)
DA:1,3
DA:2,3
DA:8,3
DA:9,22
DA:10,22
DA:11,42
DA:23,10
DA:24,10
DA:26,20
DA:27,9
DA:35,1
DA:36,2
DA:40,3
LF:13
LH:13
BRDA:11,0,0,20
BRDA:11,0,1,2
BRDA:26,1,0,1
BRDA:26,1,1,9
BRDA:34,2,0,0
BRF:5
BRH:4
end_of_record
TN:
SF:/Users/tclain/dev/github/coding-challenge-backend-c/utils/numbers.js
FN:5,twoDecimalsAtMost
FNF:1
FNH:1
FNDA:15,twoDecimalsAtMost
DA:6,15
DA:9,3
LF:2
LH:2
BRF:0
BRH:0
end_of_record
TN:
SF:/Users/tclain/dev/github/coding-challenge-backend-c/utils/server.js
FNF:0
FNH:0
DA:9,1
LF:1
LH:1
BRF:0
BRH:0
end_of_record
TN:
SF:/Users/tclain/dev/github/coding-challenge-backend-c/utils/sort.js
FN:8,(anonymous_0)
FN:9,(anonymous_1)
FNF:2
FNH:2
FNDA:8,(anonymous_0)
FNDA:18,(anonymous_1)
DA:1,3
DA:8,3
DA:9,8
DA:10,18
DA:11,18
DA:12,18
DA:14,6
DA:16,10
DA:18,2
DA:23,3
LF:10
LH:10
BRDA:12,0,0,6
BRDA:12,0,1,10
BRDA:12,0,2,2
BRF:3
BRH:3
end_of_record
TN:
SF:/Users/tclain/dev/github/coding-challenge-backend-c/utils/text.js
FN:4,sanitizeString
FN:20,levenshteinDistance
FNF:2
FNH:2
FNDA:7,sanitizeString
FNDA:11,levenshteinDistance
DA:1,4
DA:5,7
DA:21,11
DA:24,4
LF:4
LH:4
BRF:0
BRH:0
end_of_record
TN:
SF:/Users/tclain/dev/github/coding-challenge-backend-c/utils/tsv.js
FN:8,(anonymous_0)
FN:10,(anonymous_1)
FNF:2
FNH:2
FNDA:3,(anonymous_0)
FNDA:41,(anonymous_1)
DA:1,2
DA:4,2
DA:7,2
DA:9,3
DA:10,3
DA:11,41
DA:12,41
DA:17,2
DA:19,2
LF:9
LH:9
BRF:0
BRH:0
end_of_record
TN:
SF:/Users/tclain/dev/github/coding-challenge-backend-c/utils/suggestions/fromList.js
FN:7,findMatchesInList
FN:9,(anonymous_1)
FNF:2
FNH:2
FNDA:4,findMatchesInList
FNDA:14482,(anonymous_1)
DA:1,2
DA:2,2
DA:8,4
DA:9,4
DA:10,14482
DA:12,0
DA:18,2
DA:20,2
LF:8
LH:7
BRF:0
BRH:0
end_of_record
TN:
SF:/Users/tclain/dev/github/coding-challenge-backend-c/utils/suggestions/index.js
FN:10,loadIndex
FN:19,withLevensteinDistanceScore
FN:20,(anonymous_2)
FN:37,weighWithGeoDistanceScore
FN:39,(anonymous_4)
FN:54,(anonymous_5)
FN:72,(anonymous_6)
FN:93,validateParamsMiddleware
FNF:8
FNH:7
FNDA:0,loadIndex
FNDA:4,withLevensteinDistanceScore
FNDA:10,(anonymous_2)
FNDA:1,weighWithGeoDistanceScore
FNDA:4,(anonymous_4)
FNDA:4,(anonymous_5)
FNDA:4,(anonymous_6)
FNDA:2,validateParamsMiddleware
DA:1,2
DA:2,2
DA:3,2
DA:4,2
DA:5,2
DA:6,2
DA:7,2
DA:11,0
DA:12,0
DA:20,10
DA:39,4
DA:48,1
DA:51,1
DA:52,1
DA:54,1
DA:56,4
DA:58,4
DA:61,4
DA:72,2
DA:73,4
DA:75,4
DA:76,4
DA:79,4
DA:80,1
DA:83,4
DA:84,4
DA:88,0
DA:94,2
DA:99,2
DA:100,2
DA:101,2
DA:103,2
DA:104,2
DA:118,2
LF:34
LH:31
BRDA:37,0,0,1
BRDA:72,1,0,3
BRDA:73,2,0,4
BRDA:73,2,1,0
BRDA:79,3,0,1
BRDA:79,3,1,3
BRDA:99,4,0,2
BRDA:99,4,1,2
BRDA:103,5,0,2
BRDA:103,5,1,2
BRDA:104,6,0,2
BRDA:104,6,1,0
BRDA:107,7,0,0
BRDA:107,7,1,2
BRF:14
BRH:11
end_of_record
